账号1:
/submit_activity_codes jxfactory ZlO-pebGXhftq5J03VQJKg==&jDOS9NeUuGnLSvPvtfWJbg==&RP2VLPXh-W9uYXTLYbLjBQ==&L8a4nTSI1GJq_XrGuHjxeg==&cLcIawFgWKIECx9lLaKu-w==
/submit_activity_codes farm eed8a50f50a2407ba483b7f74d88da7e&a138819f79b64f18bb1fe23a9aad9e7d&3c88e6a635c142f2bbee7a0cf17a754f&0792756107fc43d590b88b7d54796ee9&12f465d77ecf472aad1d1bb2e5222a98
/submit_activity_codes bean e7lhibzb3zek2bijpx2qw5pyubuorephgjy2xay&mlrdw3aw26j3wqvwhipdujmlyyuolj3zj5w7o2q&e7lhibzb3zek3t3clas5sv3753da6jcjtrn7uli&olmijoxgmjutzdtn6e5a56ejiqwhhoajuqvw6xi&7yl36dz5bllgvdh6hl5wm5dnpm
/submit_activity_codes sgmh T0225KkcRB5Kp1yGKB33k6MCcgCjVQmoaT5kRrbA&T0225KkcRRsdpFGGKRj0xaMIdACjVQmoaT5kRrbA&T0225KkcRB4d8FTfJkunxf9edQCjVQmoaT5kRrbA&T0225KkcRhoa8laDIhv0kKNZdwCjVQmoaT5kRrbA&T0129rkiAUFZolPQCjVQmoaT5kRrbA
/submit_activity_codes ddfactory T0225KkcRB5Kp1yGKB33k6MCcgCjVWnYaS5kRrbA&T0225KkcRB4d8FTfJkunxf9edQCjVWnYaS5kRrbA&T0129rkiAUFZolPQCjVWnYaS5kRrbA&T0205KkcG3pjoQaQWnOu6ZBwCjVWnYaS5kRrbA&T0225KkcRRca9geFck_1l_UJfACjVWnYaS5kRrbA
/submit_activity_codes jxcfd 52AF72161FE71CEF3BF9A29C810B500F1FC13BF6BE04AE7E868549E78A21523F&35C484BE6D9A2A9E411E8D31A819D50F70BFF297A37F1D13A766318988A76935&BFBD87B0C0E622EE29B69E8E02EB407A279E59817CC82B2FDF83C1408CCC4622&1005668975D5A16ECEB85553F1F6C1723CFD0331A9AA62A261C070DE6710DBAE&F43FA8DAB80B716348F323C6B51B762059A89C31B0CBCD366F37CBA50C9AF113
/submit_activity_codes jdglobal SWZ6bHkvc0x5cS8za0hISUwveHgrMktrc214T3pkZGgrajBVN2JDb3dMcz0=&NU55WU14TElmRndSaHc0VHA5QzBnQjE3ZW9UdUFvOGI0YmF5ZGZ3c1ZTWT0=&d0p6QXQ1M0FTb0VvcktnKzk4cFlwREJwbWZTSWdvMHRHaWFLTkIyeU9TOD0=&ZUgvWGczbDNZUGxGQk5oVUg3S2FuVEtMcUNDUTdDd0xYRG12ZUpUT05NUT0=&UkdHMXlidXNzYmgxRE1iQ2IySDNnUT09
/submit_activity_codes city RtGKzOz3EwLydoSZEIA70P9IC9YIatCo-JYu-KbpH6L53mbD7g&RtGKzemgEA_yd4GaRoAx1oXpsaS_QqOBxAIrj96_uLJfUTDtug&RtGKzOygRAqreNLJRtxn15XsTRTbSSleL8pL4tc7gtzu8jsYrw&RtGKzuinRgj3fIKaE4Bg1WdmFZcTaSCaAThfKUCk7XeBNmYVQQ&VMG0ibPkFg2kMs_WF5h_mjDbZA_4EcPsPy7QUngu
/submit_activity_codes health T0225KkcRB5Kp1yGKB33k6MCcgCjVfnoaW5kRrbA&T0225KkcRRsdpFGGKRj0xaMIdACjVfnoaW5kRrbA&T0225KkcRB4d8FTfJkunxf9edQCjVfnoaW5kRrbA&T0225KkcRhoa8laDIhv0kKNZdwCjVfnoaW5kRrbA&T0129rkiAUFZolPQCjVfnoaW5kRrbA
/jdcash eU9YaOzhNPR3-WnWzCcb0A&eU9Yaem2N_l3-GzVmicR1g&eU9YaOy2Y_wu9z-GmntH1w&eU9YauixYf5y82_VzydA1Q&a19mLbPyMfsh
/jdzz S5KkcRB5Kp1yGKB33k6MCcg&S5KkcRRsdpFGGKRj0xaMIdA&S5KkcRB4d8FTfJkunxf9edQ&S5KkcRhoa8laDIhv0kKNZdw&S9rkiAUFZolPQ
账号2:
/submit_activity_codes jxfactory K2E60U5LgRniEfSODCz0Zw==&ozZ0CyrYA5sY9ibV7Mezbg==&ex27gyui3FAj8QzEbXTidiGhPIS5kqe5WwUbnLifric=
/submit_activity_codes farm d57715ac11754598b1f9c5f6b338ce32&e72776d09bd4486c9b66fbd026da9de1&3cb84ada5543426a9e43174702e60e1e&6c509e2b93ad44f29a0ddd44d5818441&90006344831a4fde9c1fe8ba69fad342
/submit_activity_codes bean 7oivz2mjbmnx4rrbzsohjhlh7u2tqs6aiczw5wi&mlrdw3aw26j3wcc4ffutd4lwtcclbeq5m2e3oja&xyymddxmc3bvyic5w4vf2zc6s4&ucksbeipgupr677hlikjqn5sge&gou7sxm3hztwpj4szpwfcdrpvvgrt6nhtlinubq
/submit_activity_codes sgmh T0205KkcG3pjoQaQWnOu6ZBwCjVQmoaT5kRrbA&T0225KkcRRca9geFck_1l_UJfACjVQmoaT5kRrbA&T0149KUiHklLpAuFdQCjVQmoaT5kRrbA&T0107KQsQh4Y9wCjVQmoaT5kRrbA&T0205KkcBltLrDKpaGKT0YZRCjVQmoaT5kRrbA
/submit_activity_codes ddfactory T0149KUiHklLpAuFdQCjVWnYaS5kRrbA&T0107KQsQh4Y9wCjVWnYaS5kRrbA&T0205KkcBltLrDKpaGKT0YZRCjVWnYaS5kRrbA&T0234qQ6FU1BsAreIh_ykv8CdYMCjVWnYaS5kRrbA
/submit_activity_codes jxcfd 58658094758ACE6C03CC597250BFA75B9EE10F56142AC06D9F8E2E1084834054&6F269416112401A14ECF56C219BB860B1C9CE664CEEF9B72FE9DDCEC71596AF1&3728700516349844D4968599144D92AE4859C50FD697442A3B3795B8F7A400FA&0E73385FAE63D9A6C60FD1EF53CD072FD7FBC73C4E740A0CF1DC9187597EFDF7&92CC11D0D9E2A046678A50F82192CD1483342BC11D123B65F7B6B495EB4C066E
/submit_activity_codes jdglobal MGJERTcxdk5UQUJ6QjViRWNRYlJWQT09&SXFxd0JuU2oxcW93bUtxTUhHZHhWeFZJZTR6M0NTRjRxcjg2dWRjNjl5WT0=&WHlsdEdKSUJxUTJuYWxSbXVNTHB1UT09&ZS9kT2hRc0MwR2xvWERVNUF1ck9aZz09
/submit_activity_codes city RtGKk4jeFVjkBOrAarNJmk7JzIlSrqtxpHjlrZhOvpFNO-Lt&RtGKzeWnQlnxLNabFNYw3mAgR-9FSscL1424GYAXqKCbT_p9bA&Vt20lrv2EFXxK8_WW9R_ms-en4dmmPUE_-Gh73rttw&Tty6yuylQ0bvMoPWW5hqiGYEfn-_V_4kG9skNQ&RtGKjqn2GGzdNvv9UqVomt_B4lKUK_8L500vagsMDwcTIZ57
/submit_activity_codes health T0205KkcG3pjoQaQWnOu6ZBwCjVfnoaW5kRrbA&T0225KkcRRca9geFck_1l_UJfACjVfnoaW5kRrbA&T0149KUiHklLpAuFdQCjVfnoaW5kRrbA&T0107KQsQh4Y9wCjVfnoaW5kRrbA&T0205KkcBltLrDKpaGKT0YZRCjVfnoaW5kRrbA
/jdcash eU9YN4jIMq5hiwePthRp&aUNmMrvgN6N0pA&cUJobuyzZA&eU9YKqngP5pYuRayjgJI
/jdzz S5KkcG3pjoQaQWnOu6ZBw&S5KkcRRca9geFck_1l_UJfA&S9KUiHklLpAuFdQ&S7KQsQh4Y9w&S5KkcBltLrDKpaGKT0YZR
账号3:
/submit_activity_codes farm a2217dd788594af08d1f9873211842d1
/submit_activity_codes bean lci7cvmxedr3ifjmheyeuvooyb5wo2bsmi5atai
/submit_activity_codes sgmh T0234qQ6FU1BsAreIh_ykv8CdYMCjVQmoaT5kRrbA
/submit_activity_codes jxcfd AB639395EF49C50F62D3D208686EC3B67E5735E4DDA0CF383DDD0917682B78AC
/submit_activity_codes city QNysnb_8BFSqfIacEdw718GZ_NXhGll3bBX7GyTtoAnwhXkyd5o
/submit_activity_codes health T0234qQ6FU1BsAreIh_ykv8CdYMCjVfnoaW5kRrbA
/jdzz S4qQ6FU1BsAreIh_ykv8CdYM
